<?xml version="1.0" encoding="UTF-8"?>
<!-- Generated by org.testng.reporters.JUnitReportReporter -->
<testsuite skipped="0" hostname="LAPTOP-S4SARGMT" name="TestNG.SoftAssert" tests="2" failures="0" timestamp="2019-10-26T14:39:27 EDT" time="0.008" errors="0">
  <testcase name="f" time="0.007" classname="TestNG.SoftAssert"/>
  <testcase name="r" time="0.001" classname="TestNG.SoftAssert"/>
</testsuite> <!-- TestNG.SoftAssert -->
