<?xml version="1.0" encoding="UTF-8"?>
<!-- Generated by org.testng.reporters.JUnitReportReporter -->
<testsuite skipped="0" hostname="LAPTOP-S4SARGMT" name="TestNGExecute.Assertpoint1" tests="1" failures="0" timestamp="2019-10-22T11:50:51 EDT" time="0.007" errors="0">
  <testcase name="f" time="0.007" classname="TestNGExecute.Assertpoint1"/>
</testsuite> <!-- TestNGExecute.Assertpoint1 -->
