<?xml version="1.0" encoding="UTF-8"?>
<!-- Generated by org.testng.reporters.JUnitReportReporter -->
<testsuite skipped="0" hostname="LAPTOP-S4SARGMT" name="DataProvider_tesNG.exapleDataProvider" tests="3" failures="0" timestamp="2019-10-29T15:31:39 EDT" time="52.068" errors="0">
  <testcase name="f" time="13.496" classname="DataProvider_tesNG.exapleDataProvider"/>
  <testcase name="f" time="13.071" classname="DataProvider_tesNG.exapleDataProvider"/>
  <testcase name="f" time="25.501" classname="DataProvider_tesNG.exapleDataProvider"/>
</testsuite> <!-- DataProvider_tesNG.exapleDataProvider -->
