<?xml version="1.0" encoding="UTF-8"?>
<!-- Generated by org.testng.reporters.JUnitReportReporter -->
<testsuite skipped="0" hostname="LAPTOP-S4SARGMT" name="TestNG.firsttest" tests="1" failures="0" timestamp="2019-10-28T13:26:47 EDT" time="0.011" errors="0">
  <testcase name="firsttest" time="0.011" classname="TestNG.firsttest"/>
</testsuite> <!-- TestNG.firsttest -->
