<?xml version="1.0" encoding="UTF-8"?>
<!-- Generated by org.testng.reporters.JUnitReportReporter -->
<testsuite skipped="0" hostname="LAPTOP-S4SARGMT" name="TestNG.FirstTestNG" tests="2" failures="0" timestamp="2019-10-29T15:49:50 EDT" time="0.005" errors="0">
  <testcase name="secondtestcase" time="0.004" classname="TestNG.FirstTestNG"/>
  <testcase name="f" time="0.001" classname="TestNG.FirstTestNG"/>
</testsuite> <!-- TestNG.FirstTestNG -->
