<?xml version="1.0" encoding="UTF-8"?>
<!-- Generated by org.testng.reporters.JUnitReportReporter -->
<testsuite skipped="0" hostname="LAPTOP-S4SARGMT" name="TestNG.NewTestNG" tests="2" failures="0" timestamp="2019-10-28T11:29:28 EDT" time="0.012" errors="0">
  <testcase name="secondtest" time="0.001" classname="TestNG.NewTestNG"/>
  <testcase name="firsttest" time="0.011" classname="TestNG.NewTestNG"/>
</testsuite> <!-- TestNG.NewTestNG -->
