<?xml version="1.0" encoding="UTF-8"?>
<!-- Generated by org.testng.reporters.JUnitReportReporter -->
<testsuite skipped="0" hostname="LAPTOP-S4SARGMT" name="Ebay.AssertPoint" tests="3" failures="0" timestamp="2019-10-21T16:12:42 EDT" time="0.010" errors="0">
  <testcase name="update" time="0.005" classname="Ebay.AssertPoint"/>
  <testcase name="f" time="0.004" classname="Ebay.AssertPoint"/>
  <testcase name="uw" time="0.001" classname="Ebay.AssertPoint"/>
</testsuite> <!-- Ebay.AssertPoint -->
