<?xml version="1.0" encoding="UTF-8"?>
<!-- Generated by org.testng.reporters.JUnitReportReporter -->
<testsuite skipped="0" hostname="LAPTOP-S4SARGMT" name="TestNG.thirdtest" tests="1" failures="0" timestamp="2019-10-28T13:26:47 EDT" time="0.002" errors="0">
  <testcase name="thirdtest" time="0.002" classname="TestNG.thirdtest"/>
</testsuite> <!-- TestNG.thirdtest -->
