<?xml version="1.0" encoding="UTF-8"?>
<!-- Generated by org.testng.reporters.JUnitReportReporter -->
<testsuite skipped="0" hostname="LAPTOP-S4SARGMT" name="FirstMavenTestNG.facebooktMaven" tests="1" failures="0" timestamp="07 Nov 2019 16:21:39 GMT" time="1.650" errors="0">
  <testcase name="f" time="1.650" classname="FirstMavenTestNG.facebooktMaven"/>
</testsuite> <!-- FirstMavenTestNG.facebooktMaven -->
