<?xml version="1.0" encoding="UTF-8"?>
<!-- Generated by org.testng.reporters.JUnitReportReporter -->
<testsuite skipped="0" hostname="LAPTOP-S4SARGMT" name="TestNGpack.TestNg2" tests="3" failures="0" timestamp="2019-10-30T21:20:14 EDT" time="0.016" errors="0">
  <testcase name="recharge" time="0.009" classname="TestNGpack.TestNg2"/>
  <testcase name="search" time="0.001" classname="TestNGpack.TestNg2"/>
  <testcase name="advsearch" time="0.006" classname="TestNGpack.TestNg2"/>
</testsuite> <!-- TestNGpack.TestNg2 -->
