<?xml version="1.0" encoding="UTF-8"?>
<!-- Generated by org.testng.reporters.JUnitReportReporter -->
<testsuite skipped="0" hostname="LAPTOP-S4SARGMT" name="TestNGpack.TestNG1" tests="3" failures="0" timestamp="2019-11-04T15:13:10 EST" time="0.011" errors="0">
  <testcase name="openURL" time="0.009" classname="TestNGpack.TestNG1"/>
  <testcase name="Login" time="0.001" classname="TestNGpack.TestNG1"/>
  <testcase name="logout" time="0.001" classname="TestNGpack.TestNG1"/>
</testsuite> <!-- TestNGpack.TestNG1 -->
