<?xml version="1.0" encoding="UTF-8"?>
<!-- Generated by org.testng.reporters.JUnitReportReporter -->
<testsuite skipped="0" hostname="LAPTOP-S4SARGMT" name="TestNGpack.TestNG4" tests="2" failures="0" timestamp="2019-11-03T13:30:07 EST" time="26.955" errors="0">
  <testcase name="LogIn" time="21.689" classname="TestNGpack.TestNG4"/>
  <testcase name="CreatNA" time="5.266" classname="TestNGpack.TestNG4"/>
</testsuite> <!-- TestNGpack.TestNG4 -->
