<?xml version="1.0" encoding="UTF-8"?>
<!-- Generated by org.testng.reporters.JUnitReportReporter -->
<testsuite skipped="0" hostname="LAPTOP-S4SARGMT" name="TestNGpack.googleTestNG" tests="1" failures="0" timestamp="2019-11-04T15:09:45 EST" time="19.817" errors="0">
  <testcase name="search" time="19.817" classname="TestNGpack.googleTestNG"/>
</testsuite> <!-- TestNGpack.googleTestNG -->
