<?xml version="1.0" encoding="UTF-8"?>
<!-- Generated by org.testng.reporters.JUnitReportReporter -->
<testsuite skipped="0" hostname="LAPTOP-S4SARGMT" name="TestNGpack.facebook" tests="2" failures="0" timestamp="2019-11-04T15:22:20 EST" time="11.120" errors="0">
  <testcase name="LogIn" time="5.699" classname="TestNGpack.facebook"/>
  <testcase name="CreatNA" time="5.421" classname="TestNGpack.facebook"/>
</testsuite> <!-- TestNGpack.facebook -->
