<?xml version="1.0" encoding="UTF-8"?>
<!-- Generated by org.testng.reporters.JUnitReportReporter -->
<testsuite skipped="0" hostname="LAPTOP-S4SARGMT" name="TestNGpack.TestNG3" tests="1" failures="0" timestamp="2019-10-30T21:45:47 EDT" time="0.008" errors="0">
  <testcase name="search" time="0.008" classname="TestNGpack.TestNG3"/>
</testsuite> <!-- TestNGpack.TestNG3 -->
